<?xml version="1.0" encoding="UTF-8"?>
<!-- Generated by org.testng.reporters.JUnitReportReporter -->
<testsuite hostname="DESKTOP-L37KK2L" failures="0" tests="2" name="basicTest.PrintProgram" time="5.220" errors="0" timestamp="2022-08-04T15:25:17 CEST" skipped="0">
  <testcase classname="basicTest.PrintProgram" name="print" time="0.017"/>
  <system-out/>
  <testcase classname="basicTest.PrintProgram" name="selbrowlaunch" time="5.203"/>
  <system-out/>
</testsuite> <!-- basicTest.PrintProgram -->
