<?xml version="1.0" encoding="UTF-8"?>
<!-- Generated by org.testng.reporters.JUnitReportReporter -->
<testsuite hostname="DESKTOP-L37KK2L" failures="0" tests="2" name="basicTest.PrintProgram" time="8.461" errors="0" timestamp="2022-08-04T16:53:41 CEST" skipped="0">
  <testcase classname="basicTest.PrintProgram" name="print" time="0.074"/>
  <system-out/>
  <testcase classname="basicTest.PrintProgram" name="selbrowlaunch" time="8.387"/>
  <system-out/>
</testsuite> <!-- basicTest.PrintProgram -->
